code 400, message Bad request version ('yï¿½Zï¿½b\x1a\x82')
You're accessing the development server over HTTPS, but it only supports HTTP.
code 400, message Bad request version ('\x00\x02\x01\x00\x00#\x00\x00\x00\x05\x00\x05\x01\x00\x00\x00\x00\x00+\x00\x07\x06ï¿½ï¿½\x03\x04\x03\x03\x00')
You're accessing the development server over HTTPS, but it only supports HTTP.
code 400, message Bad request version ('jj\x13\x01\x13\x02\x13\x03ï¿½+ï¿½/ï¿½,ï¿½0Ì©Ì¨ï¿½\x13ï¿½\x14\x00\x9c\x00\x9d\x00/\x005\x01\x00\x06\x93ï¿½ï¿½\x00\x00ï¿½\x01\x00\x01\x00\x00\x12\x00\x00Dï¿½\x00\x05\x00\x03\x02h2\x00')
You're accessing the development server over HTTPS, but it only supports HTTP.
code 400, message Bad request version ('ï¿½wï¿½ï¿½U\\Kp8tyQUl/ï¿½\x90Ezï¿½Mï¿½(_\x84`\x90\x81I\x86ï¿½ï¿½\x81\x1b"{ï¿½<\x81\x8f*_EBI\xad\x16ï¿½ï¿½ï¿½')
You're accessing the development server over HTTPS, but it only supports HTTP.
code 400, message Bad request version ('ï¿½sZï¿½\x15\x12\x00')
You're accessing the development server over HTTPS, but it only supports HTTP.
code 400, message Bad request version ('b:\x16\\"ï¿½Ý¢qqï¿½\x80ï¿½k\x8fmï¿½')
You're accessing the development server over HTTPS, but it only supports HTTP.
code 400, message Bad request version ('wnï¿½ï¿½ï¿½ï¿½')
You're accessing the development server over HTTPS, but it only supports HTTP.
code 400, message Bad request version ('QI/ï¿½\x84\x87+ï¿½\x99ï¿½\x81ï¿½Tï¿½')
You're accessing the development server over HTTPS, but it only supports HTTP.
code 400, message Bad request version ('\x03ï¿½ï¿½\x84ï¿½ï¿½ï¿½\x7fz.')
You're accessing the development server over HTTPS, but it only supports HTTP.
code 400, message Bad request version ('ï¿½~ï¿½q\x05W')
You're accessing the development server over HTTPS, but it only supports HTTP.
C:\Users\dell\Documents\eshis_bible_app\wordsofchrist\settings.py changed, reloading.
Watching for file changes with StatReloader
code 400, message Bad request syntax ('\x16\x03\x01\x06ï¿½\x01\x00\x06ï¿½\x03\x03ï¿½qï¿½\x00ï¿½\x06ï¿½*\x90aï¿½')
You're accessing the development server over HTTPS, but it only supports HTTP.
code 400, message Bad request version ('\x00\x02\x01\x00\x00\x12\x00\x00\x00#\x00\x00Dï¿½\x00\x05\x00\x03\x02h2\x00\x17\x00\x00\x003\x04ï¿½\x04ï¿½')
You're accessing the development server over HTTPS, but it only supports HTTP.
code 400, message Bad request version ('\x8fï¿½ï¿½\x93uï¿½ï¿½\x003\x04ï¿½\x04ï¿½ï¿½ï¿½\x00\x01\x00\x11ï¿½\x04ï¿½ï¿½aE')
You're accessing the development server over HTTPS, but it only supports HTTP.
code 400, message Bad request version ('\x02h2\x08http/1.1\x00\x05\x00\x05\x01\x00\x00\x00\x00\x00')
You're accessing the development server over HTTPS, but it only supports HTTP.
code 400, message Bad request syntax ('\x16\x03\x01\x06ï¿½\x01\x00\x06ï¿½\x03\x03ï¿½\x93.ï¿½@\x10J')
You're accessing the development server over HTTPS, but it only supports HTTP.
code 400, message Bad request version ('\x02h2\x08http/1.1\x00')
You're accessing the development server over HTTPS, but it only supports HTTP.
code 400, message Bad request version ('ï¿½ï¿½\x13\x01\x13\x02\x13\x03ï¿½+ï¿½/ï¿½,ï¿½0Ì©Ì¨ï¿½\x13ï¿½\x14\x00\x9c\x00\x9d\x00/\x005\x01\x00\x06Sï¿½ï¿½\x00\x00\x00')
You're accessing the development server over HTTPS, but it only supports HTTP.
code 400, message Bad HTTP/0.9 request type ('\x16\x03\x01\x07\x00\x01\x00\x06ï¿½\x03\x03')
You're accessing the development server over HTTPS, but it only supports HTTP.
code 400, message Bad request version ('\x00\x02\x01\x00\x00')
You're accessing the development server over HTTPS, but it only supports HTTP.
code 400, message Bad request version ("Q\x08+ï¿½_ï¿½\x99ï¿½D@'ï¿½k4ï¿½Alï¿½ï¿½")
You're accessing the development server over HTTPS, but it only supports HTTP.
"GET / HTTP/1.1" 200 102353
C:\Users\dell\Documents\eshis_bible_app\wordsofchrist\settings.py changed, reloading.
Watching for file changes with StatReloader
"GET / HTTP/1.1" 301 0
code 400, message Bad request version ('^ï¿½.P)ï¿½j')
You're accessing the development server over HTTPS, but it only supports HTTP.
code 400, message Bad request version ('\x00\x0eï¿½ï¿½ï¿½$\x16\x19\x83ï¿½ï¿½')
You're accessing the development server over HTTPS, but it only supports HTTP.
code 400, message Bad request version ('Jsï¿½ï¿½d|lUtï¿½fï¿½ikcg=\x86\x89\x06ï¿½')
You're accessing the development server over HTTPS, but it only supports HTTP.
code 400, message Bad request version ('\x00\x02\x01\x00Dï¿½\x00\x05\x00\x03\x02h2\x00+\x00\x07\x06ï¿½ï¿½\x03\x04\x03\x03\x00\x12\x00\x00\x00\x05\x00\x05\x01\x00\x00\x00\x00\x003\x04ï¿½\x04ï¿½')
You're accessing the development server over HTTPS, but it only supports HTTP.
code 400, message Bad request version ('ï¿½ï¿½\x13\x01\x13\x02\x13\x03ï¿½+ï¿½/ï¿½,ï¿½0Ì©Ì¨ï¿½\x13ï¿½\x14\x00\x9c\x00\x9d\x00/\x005\x01\x00\x063')
You're accessing the development server over HTTPS, but it only supports HTTP.
code 400, message Bad HTTP/0.9 request type ('\x16\x03\x01\x06')
You're accessing the development server over HTTPS, but it only supports HTTP.
C:\Users\dell\Documents\eshis_bible_app\wordsofchrist\settings.py changed, reloading.
Watching for file changes with StatReloader
C:\Users\dell\Documents\eshis_bible_app\wordsofchrist\urls.py changed, reloading.
Watching for file changes with StatReloader
code 400, message Bad request version ('[\x08ÿÀÉµ%\x98ã\x97Í\x9d\x8d\x91·¡éØ\x14z\x12ï\x89©ä¨z\x82lbpôH\x11\x99×ûÎáÌ\x18«!ã·\\WÚ}\x02ÚfDòSa¤dòV\x9f¾³¢')
You're accessing the development server over HTTPS, but it only supports HTTP.
code 400, message Bad HTTP/0.9 request type ('\x16\x03\x01\x06À\x01\x00\x06¼\x03\x035\x14')
You're accessing the development server over HTTPS, but it only supports HTTP.
code 400, message Bad request version ('ÔZ¢¤\x83º³5@Y')
You're accessing the development server over HTTPS, but it only supports HTTP.
code 400, message Bad request version ('\x07Pª·\x84-C$r~[\x88Ä\x01\xad¤j6\x8f\x82=\x0fz*\x7fÌ\x126£\x90ñ©q\x1bV#\x9a\x95§+F4æàDN\x91l6G\x89èjq\x18ð\x82ë')
You're accessing the development server over HTTPS, but it only supports HTTP.
code 400, message Bad request version ('\x02h2\x08http/1.1\x00#\x00\x00\x00')
You're accessing the development server over HTTPS, but it only supports HTTP.
code 400, message Bad request version ('[\x8aÔ¬\x1b3«\x05Û\x16\x15sb\x93åV`J\x00\x8c\x8b5\x11¬Õ\x17\x04·\x0fåsu¹4(*\x97\x8d¥\x849<Êqng')
You're accessing the development server over HTTPS, but it only supports HTTP.
code 400, message Bad request version ('\x9a\x9a\x13\x01\x13\x02\x13\x03À+À/À,À0Ì©Ì¨À\x13À\x14\x00\x9c\x00\x9d\x00/\x005\x01\x00\x063')
You're accessing the development server over HTTPS, but it only supports HTTP.
code 400, message Bad request version ("ik\x0e\x80»}'\x86«ã{é\x03#²X©\x9cÈ\x83ó\x946õw¥Ï\x88È6§\x04úLZ¼¼\x96ù¶¹«\x96V¡\x9cF§vlû\x92yeL_{{\x9bYºd")
You're accessing the development server over HTTPS, but it only supports HTTP.
code 400, message Bad request version ('±¿=B*s3O©h/\x01`\x11BX\x05Å')
code 400, message Bad request syntax ('\x16\x03\x01\x06à\x01\x00\x06Ü\x03\x03AÉTIè~aÿ"Ø')
You're accessing the development server over HTTPS, but it only supports HTTP.
You're accessing the development server over HTTPS, but it only supports HTTP.
code 400, message Bad request version ('\x00\x12\x00\x10\x04\x03\x08\x04\x04\x01\x05\x03\x08\x05\x05\x01\x08\x06\x06\x01\x00')
You're accessing the development server over HTTPS, but it only supports HTTP.
code 400, message Bad request version ('\x8a}óÅÕ*²ý\x06[')
You're accessing the development server over HTTPS, but it only supports HTTP.
code 400, message Bad request syntax ('\x16\x03\x01\x06à\x01\x00\x06Ü\x03\x03h\x0eG¨CZà')
You're accessing the development server over HTTPS, but it only supports HTTP.
code 400, message Bad request syntax ('\x16\x03\x01\x06à\x01\x00\x06Ü\x03\x03u\x00¬')
You're accessing the development server over HTTPS, but it only supports HTTP.
code 400, message Bad request version ('ß\x12MØ\x8aËßRáZ,Û¥\x01Ê`Uûöì\xadCç')
You're accessing the development server over HTTPS, but it only supports HTTP.
code 400, message Bad request version ('\x00\x02\x01\x00\x00\x12\x00\x00\x00#\x00\x00\x00')
You're accessing the development server over HTTPS, but it only supports HTTP.
code 400, message Bad request version ('r,^Õ\x81ùD©)\x10\xad_vµx\x10')
You're accessing the development server over HTTPS, but it only supports HTTP.
code 400, message Bad request version ('\x02h2\x08http/1.1DÍ\x00\x05\x00\x03\x02h2\x00#\x00\x00\x00\x05\x00\x05\x01\x00\x00\x00\x00\x00\x1b\x00\x03\x02\x00\x02ÿ\x01\x00\x01\x00\x00')
You're accessing the development server over HTTPS, but it only supports HTTP.
code 400, message Bad request version ('\x00\x02\x01\x00\x00')
You're accessing the development server over HTTPS, but it only supports HTTP.
code 400, message Bad request version ('\x10ç\x15a¹*Â\x18\xad\x01\x9aeD\x07')
You're accessing the development server over HTTPS, but it only supports HTTP.
code 400, message Bad request version ('Y<h\x98@0ó\x17=Û²ø!Á\x9cNkÈ¬+=Ùè-â\x8a)')
You're accessing the development server over HTTPS, but it only supports HTTP.
code 400, message Bad request version ('´ã]\x9e\x87:1«Á\x16S\x9c')
You're accessing the development server over HTTPS, but it only supports HTTP.
code 400, message Bad request version ('\x0eth|â\x8dMzáâÂù\x0fþ¢=ë®Ö\x93`?àø.\x92ãíÖ(\x84r\x00\x90\x94X7>íF\x8a\x13ÆH\x8e¢rx\x04ñßÞtÂ.té«IO\x91!\x12\x8dRx\x8cZB·?W\x90y¶\x88òg¬þ\x04+^\x89Õ\x02lk¶\x88_\x8ao}í(\x87\x87ÓÐ/\x83¼ô¦\x91g¢Ñ\x9a¯¦ýPÐ\x86\x90\x95F4tã')
You're accessing the development server over HTTPS, but it only supports HTTP.
code 400, message Bad request version ('jj\x13\x01\x13\x02\x13\x03À+À/À,À0Ì©Ì¨À\x13À\x14\x00\x9c\x00\x9d\x00/\x005\x01\x00\x06Sªª\x00\x00\x00\x17\x00\x00\x00')
You're accessing the development server over HTTPS, but it only supports HTTP.
code 400, message Bad request version ('êê\x13\x01\x13\x02\x13\x03À+À/À,À0Ì©Ì¨À\x13À\x14\x00\x9c\x00\x9d\x00/\x005\x01\x00\x06\x93ºº\x00\x00\x00\x12\x00\x00\x00')
You're accessing the development server over HTTPS, but it only supports HTTP.
code 400, message Bad request version ('ì')
You're accessing the development server over HTTPS, but it only supports HTTP.
code 400, message Bad request version ('á2;\x99ü\x14\\R³\x8cAIá\x08=ÕôC¸f\x9c±\x12<«"\x1a¿i\x9b\x99\x93^>\x95}wC_\x9cûBvòC÷e¥¶4®\x18{4(BB\x16àY_G\x80\x7f')
You're accessing the development server over HTTPS, but it only supports HTTP.
code 400, message Bad request version ('{')
You're accessing the development server over HTTPS, but it only supports HTTP.
code 400, message Bad request version ('zz\x13\x01\x13\x02\x13\x03À+À/À,À0Ì©Ì¨À\x13À\x14\x00\x9c\x00\x9d\x00/\x005\x01\x00\x063**\x00\x00\x003\x04ï\x04íªª\x00\x01\x00\x11ì\x04À8êi»|\x18ÿö¨p')
You're accessing the development server over HTTPS, but it only supports HTTP.
code 400, message Bad request version ('_O\x87l@\x17j«Ú(¡¶n\x93ç\x13|ô\x0eòL\x95d\x07Á\x01Ëzåè6©{\x0e\x8a\x12s\x04pIVAL¡çNÆJ¡y8z¶')
You're accessing the development server over HTTPS, but it only supports HTTP.
code 400, message Bad request version ('\x00\x02\x01\x00\x00')
You're accessing the development server over HTTPS, but it only supports HTTP.
code 400, message Bad request syntax ('\x16\x03\x01\x06à\x01\x00\x06Ü\x03\x03çÏ')
You're accessing the development server over HTTPS, but it only supports HTTP.
code 400, message Bad request version ('teÂ\x17`=Ý<":i\x11[')
You're accessing the development server over HTTPS, but it only supports HTTP.
code 400, message Bad request version ('¬¢\x8cBÑË')
You're accessing the development server over HTTPS, but it only supports HTTP.
code 400, message Bad request version ('úú\x13\x01\x13\x02\x13\x03À+À/À,À0Ì©Ì¨À\x13À\x14\x00\x9c\x00\x9d\x00/\x005\x01\x00\x06sºº\x00\x00\x00#\x00\x00\x00\x1b\x00\x03\x02\x00\x02DÍ\x00\x05\x00\x03\x02h2\x00\x05\x00\x05\x01\x00\x00\x00\x00\x00\x17\x00\x00\x00')
You're accessing the development server over HTTPS, but it only supports HTTP.
code 400, message Bad request version ('î0\x0e\x91å°×ÁÚ')
You're accessing the development server over HTTPS, but it only supports HTTP.
code 400, message Bad request version ('º¤¼\x15\x10´°ó\x9ckä<×%\x8c®û+K[Aµ\x98\x06>\x95')
You're accessing the development server over HTTPS, but it only supports HTTP.
code 400, message Bad request version ('\x846¾Å\x91&jHPuÍ\x9cA89û')
You're accessing the development server over HTTPS, but it only supports HTTP.
code 400, message Bad request version ('Ôº÷Ëk]h^sÏ£»\x04¾\x86£¡J\x14Û9!N*Dj¸\x00')
You're accessing the development server over HTTPS, but it only supports HTTP.
code 400, message Bad request version ('JJ\x13\x01\x13\x02\x13\x03À+À/À,À0Ì©Ì¨À\x13À\x14\x00\x9c\x00\x9d\x00/\x005\x01\x00\x06S')
You're accessing the development server over HTTPS, but it only supports HTTP.
"GET / HTTP/1.1" 200 102353
"GET /quote/8/ HTTP/1.1" 200 91878
C:\Users\dell\Documents\eshis_bible_app\wordsofchrist\settings.py changed, reloading.
Watching for file changes with StatReloader
"GET / HTTP/1.1" 200 102443
"GET /quote/8/ HTTP/1.1" 200 91968
"GET /?q=&mode=quotes&book=Revelation HTTP/1.1" 200 29321
Not Found: /.well-known/appspecific/com.chrome.devtools.json
"GET /.well-known/appspecific/com.chrome.devtools.json HTTP/1.1" 404 10224
- Broken pipe from ('127.0.0.1', 53413)
